This file contains any messages produced by compilers while
running configure, to aid debugging if configure makes a mistake.

It was created by configure, which was
generated by GNU Autoconf 2.61.  Invocation command line was

  $ ./configure 

## --------- ##
## Platform. ##
## --------- ##

hostname = laptop
uname -m = i686
uname -r = 3.1.0-1-486
uname -s = Linux
uname -v = #1 Mon Nov 14 07:36:41 UTC 2011

/usr/bin/uname -p = unknown
/bin/uname -X     = unknown

/bin/arch              = unknown
/usr/bin/arch -k       = unknown
/usr/convex/getsysinfo = unknown
/usr/bin/hostinfo      = unknown
/bin/machine           = unknown
/usr/bin/oslevel       = unknown
/bin/universe          = unknown

PATH: /home/leino/.cabal/bin
PATH: /home/leino/work/android-sdk-linux/tools
PATH: /home/leino/wordk/android-sdk-linux/platform-tools
PATH: /home/leino/bin
PATH: /home/leino/.cabal/bin
PATH: /home/leino/work/android-sdk-linux/tools
PATH: /home/leino/wordk/android-sdk-linux/platform-tools
PATH: /usr/local/bin
PATH: /usr/bin
PATH: /bin
PATH: /usr/local/games
PATH: /usr/games


## ----------- ##
## Core tests. ##
## ----------- ##

configure:1763: checking build system type
configure:1781: result: i686-pc-linux-gnu
configure:1803: checking host system type
configure:1818: result: i686-pc-linux-gnu
configure:1890: checking for gcc
configure:1906: found /usr/bin/gcc
configure:1917: result: gcc
configure:2155: checking for C compiler version
configure:2162: gcc --version >&5
gcc (Debian 4.6.3-1) 4.6.3
Copyright (C) 2011 Free Software Foundation, Inc.
This is free software; see the source for copying conditions.  There is NO
warranty; not even for MERCHANTABILITY or FITNESS FOR A PARTICULAR PURPOSE.

configure:2165: $? = 0
configure:2172: gcc -v >&5
Using built-in specs.
COLLECT_GCC=gcc
COLLECT_LTO_WRAPPER=/usr/lib/gcc/i486-linux-gnu/4.6/lto-wrapper
Target: i486-linux-gnu
Configured with: ../src/configure -v --with-pkgversion='Debian 4.6.3-1' --with-bugurl=file:///usr/share/doc/gcc-4.6/README.Bugs --enable-languages=c,c++,fortran,objc,obj-c++,go --prefix=/usr --program-suffix=-4.6 --enable-shared --enable-linker-build-id --with-system-zlib --libexecdir=/usr/lib --without-included-gettext --enable-threads=posix --with-gxx-include-dir=/usr/include/c++/4.6 --libdir=/usr/lib --enable-nls --with-sysroot=/ --enable-clocale=gnu --enable-libstdcxx-debug --enable-libstdcxx-time=yes --enable-plugin --enable-objc-gc --enable-targets=all --with-arch-32=i586 --with-tune=generic --enable-checking=release --build=i486-linux-gnu --host=i486-linux-gnu --target=i486-linux-gnu
Thread model: posix
gcc version 4.6.3 (Debian 4.6.3-1) 
configure:2175: $? = 0
configure:2182: gcc -V >&5
gcc: error: unrecognized option '-V'
gcc: fatal error: no input files
compilation terminated.
configure:2185: $? = 4
configure:2208: checking for C compiler default output file name
configure:2235: gcc    conftest.c  >&5
configure:2238: $? = 0
configure:2276: result: a.out
configure:2293: checking whether the C compiler works
configure:2303: ./a.out
configure:2306: $? = 0
configure:2323: result: yes
configure:2330: checking whether we are cross compiling
configure:2332: result: no
configure:2335: checking for suffix of executables
configure:2342: gcc -o conftest    conftest.c  >&5
configure:2345: $? = 0
configure:2369: result: 
configure:2375: checking for suffix of object files
configure:2401: gcc -c   conftest.c >&5
configure:2404: $? = 0
configure:2427: result: o
configure:2431: checking whether we are using the GNU C compiler
configure:2460: gcc -c   conftest.c >&5
configure:2466: $? = 0
configure:2483: result: yes
configure:2488: checking whether gcc accepts -g
configure:2518: gcc -c -g  conftest.c >&5
configure:2524: $? = 0
configure:2623: result: yes
configure:2640: checking for gcc option to accept ISO C89
configure:2714: gcc  -c -g -O2  conftest.c >&5
configure:2720: $? = 0
configure:2743: result: none needed
configure:2766: checking if gcc supports -O4 flags
configure:2787: gcc -o conftest -O4   conftest.c  >&5
conftest.c: In function 'main':
conftest.c:8:8: warning: incompatible implicit declaration of built-in function 'exit' [enabled by default]
configure:2790: $? = 0
configure:2796: ./conftest
configure:2799: $? = 0
configure:2815: result: yes
configure:3006: checking if gcc supports -march=i686 flags
configure:3027: gcc -o conftest -march=i686   conftest.c  >&5
conftest.c: In function 'main':
conftest.c:8:8: warning: incompatible implicit declaration of built-in function 'exit' [enabled by default]
configure:3030: $? = 0
configure:3036: ./conftest
configure:3039: $? = 0
configure:3055: result: yes
configure:3872: checking for sys/wait.h that is POSIX.1 compatible
configure:3908: gcc -c  -O4 -march=i686  conftest.c >&5
configure:3914: $? = 0
configure:3929: result: yes
configure:3944: checking how to run the C preprocessor
configure:3984: gcc -E  conftest.c
configure:3990: $? = 0
configure:4021: gcc -E  conftest.c
conftest.c:9:28: fatal error: ac_nonexistent.h: No such file or directory
compilation terminated.
configure:4027: $? = 1
configure: failed program was:
| /* confdefs.h.  */
| #define PACKAGE_NAME ""
| #define PACKAGE_TARNAME ""
| #define PACKAGE_VERSION ""
| #define PACKAGE_STRING ""
| #define PACKAGE_BUGREPORT ""
| #define HAVE_SYS_WAIT_H 1
| /* end confdefs.h.  */
| #include <ac_nonexistent.h>
configure:4060: result: gcc -E
configure:4089: gcc -E  conftest.c
configure:4095: $? = 0
configure:4126: gcc -E  conftest.c
conftest.c:9:28: fatal error: ac_nonexistent.h: No such file or directory
compilation terminated.
configure:4132: $? = 1
configure: failed program was:
| /* confdefs.h.  */
| #define PACKAGE_NAME ""
| #define PACKAGE_TARNAME ""
| #define PACKAGE_VERSION ""
| #define PACKAGE_STRING ""
| #define PACKAGE_BUGREPORT ""
| #define HAVE_SYS_WAIT_H 1
| /* end confdefs.h.  */
| #include <ac_nonexistent.h>
configure:4170: checking for grep that handles long lines and -e
configure:4244: result: /bin/grep
configure:4249: checking for egrep
configure:4327: result: /bin/grep -E
configure:4332: checking for ANSI C header files
configure:4362: gcc -c  -O4 -march=i686  conftest.c >&5
configure:4368: $? = 0
configure:4467: gcc -o conftest  -O4 -march=i686   conftest.c  >&5
configure:4470: $? = 0
configure:4476: ./conftest
configure:4479: $? = 0
configure:4496: result: yes
configure:4520: checking for sys/types.h
configure:4541: gcc -c  -O4 -march=i686  conftest.c >&5
configure:4547: $? = 0
configure:4563: result: yes
configure:4520: checking for sys/stat.h
configure:4541: gcc -c  -O4 -march=i686  conftest.c >&5
configure:4547: $? = 0
configure:4563: result: yes
configure:4520: checking for stdlib.h
configure:4541: gcc -c  -O4 -march=i686  conftest.c >&5
configure:4547: $? = 0
configure:4563: result: yes
configure:4520: checking for string.h
configure:4541: gcc -c  -O4 -march=i686  conftest.c >&5
configure:4547: $? = 0
configure:4563: result: yes
configure:4520: checking for memory.h
configure:4541: gcc -c  -O4 -march=i686  conftest.c >&5
configure:4547: $? = 0
configure:4563: result: yes
configure:4520: checking for strings.h
configure:4541: gcc -c  -O4 -march=i686  conftest.c >&5
configure:4547: $? = 0
configure:4563: result: yes
configure:4520: checking for inttypes.h
configure:4541: gcc -c  -O4 -march=i686  conftest.c >&5
configure:4547: $? = 0
configure:4563: result: yes
configure:4520: checking for stdint.h
configure:4541: gcc -c  -O4 -march=i686  conftest.c >&5
configure:4547: $? = 0
configure:4563: result: yes
configure:4520: checking for unistd.h
configure:4541: gcc -c  -O4 -march=i686  conftest.c >&5
configure:4547: $? = 0
configure:4563: result: yes
configure:4596: checking stddef.h usability
configure:4613: gcc -c  -O4 -march=i686  conftest.c >&5
configure:4619: $? = 0
configure:4633: result: yes
configure:4637: checking stddef.h presence
configure:4652: gcc -E  conftest.c
configure:4658: $? = 0
configure:4672: result: yes
configure:4700: checking for stddef.h
configure:4708: result: yes
configure:4586: checking for unistd.h
configure:4592: result: yes
configure:4586: checking for sys/types.h
configure:4592: result: yes
configure:4586: checking for sys/wait.h
configure:4592: result: yes
configure:4586: checking for stdlib.h
configure:4592: result: yes
configure:4586: checking for string.h
configure:4592: result: yes
configure:4596: checking errno.h usability
configure:4613: gcc -c  -O4 -march=i686  conftest.c >&5
configure:4619: $? = 0
configure:4633: result: yes
configure:4637: checking errno.h presence
configure:4652: gcc -E  conftest.c
configure:4658: $? = 0
configure:4672: result: yes
configure:4700: checking for errno.h
configure:4708: result: yes
configure:4770: checking for pid_t
configure:4800: gcc -c  -O4 -march=i686  conftest.c >&5
configure:4806: $? = 0
configure:4821: result: yes
configure:4840: checking if malloc is declared in stdlib.h or malloc.h
configure:4879: result: 1
configure:4882: checking if ftell is declared in stdio.h
configure:4902: result: 1
configure:4905: checking if fdopen is declared in stdio.h
configure:4925: result: 1
configure:4928: checking if popen is declared in stdio.h
configure:4948: result: 1
configure:4951: checking if putenv is declared in stdlib.h
configure:4971: result: 1
configure:4974: checking if setenv is declared in stdlib.h
configure:4994: result: 1
configure:4997: checking if INFINITY is declared in math.h
configure:5021: result: 1
configure:5024: checking for int
configure:5054: gcc -c  -O4 -march=i686  conftest.c >&5
configure:5060: $? = 0
configure:5075: result: yes
configure:5082: checking size of int
configure:5384: gcc -o conftest  -O4 -march=i686   conftest.c  >&5
configure:5387: $? = 0
configure:5393: ./conftest
configure:5396: $? = 0
configure:5419: result: 4
configure:5430: checking for long
configure:5460: gcc -c  -O4 -march=i686  conftest.c >&5
configure:5466: $? = 0
configure:5481: result: yes
configure:5488: checking size of long
configure:5790: gcc -o conftest  -O4 -march=i686   conftest.c  >&5
configure:5793: $? = 0
configure:5799: ./conftest
configure:5802: $? = 0
configure:5825: result: 4
configure:5836: checking for long long
configure:5866: gcc -c  -O4 -march=i686  conftest.c >&5
configure:5872: $? = 0
configure:5887: result: yes
configure:5894: checking size of long long
configure:6196: gcc -o conftest  -O4 -march=i686   conftest.c  >&5
configure:6199: $? = 0
configure:6205: ./conftest
configure:6208: $? = 0
configure:6231: result: 8
configure:6258: checking for an ANSI C-conforming const
configure:6333: gcc -c  -O4 -march=i686  conftest.c >&5
configure:6339: $? = 0
configure:6354: result: yes
configure:6371: checking for isatty
configure:6427: gcc -o conftest  -O4 -march=i686   conftest.c  >&5
configure:6433: $? = 0
configure:6450: result: yes
configure:6459: checking for times
configure:6515: gcc -o conftest  -O4 -march=i686   conftest.c  >&5
configure:6521: $? = 0
configure:6538: result: yes
configure:6547: checking for time
configure:6603: gcc -o conftest  -O4 -march=i686   conftest.c  >&5
configure:6609: $? = 0
configure:6626: result: yes
configure:6635: checking for gettimeofday
configure:6691: gcc -o conftest  -O4 -march=i686   conftest.c  >&5
configure:6697: $? = 0
configure:6714: result: yes
configure:6723: checking for times
configure:6802: result: yes
configure:6811: checking for getrusage
configure:6867: gcc -o conftest  -O4 -march=i686   conftest.c  >&5
configure:6873: $? = 0
configure:6890: result: yes
configure:6899: checking for perror
configure:6955: gcc -o conftest  -O4 -march=i686   conftest.c  >&5
configure:6961: $? = 0
configure:6978: result: yes
configure:6987: checking for pipe
configure:7043: gcc -o conftest  -O4 -march=i686   conftest.c  >&5
configure:7049: $? = 0
configure:7066: result: yes
configure:7075: checking for wait
configure:7131: gcc -o conftest  -O4 -march=i686   conftest.c  >&5
configure:7137: $? = 0
configure:7154: result: yes
configure:7163: checking for popen
configure:7219: gcc -o conftest  -O4 -march=i686   conftest.c  >&5
configure:7225: $? = 0
configure:7242: result: yes
configure:7251: checking for putenv
configure:7307: gcc -o conftest  -O4 -march=i686   conftest.c  >&5
configure:7313: $? = 0
configure:7330: result: yes
configure:7339: checking for setenv
configure:7395: gcc -o conftest  -O4 -march=i686   conftest.c  >&5
configure:7401: $? = 0
configure:7418: result: yes
configure:7428: checking for getc_unlocked
configure:7484: gcc -o conftest  -O4 -march=i686   conftest.c  >&5
configure:7490: $? = 0
configure:7507: result: yes
configure:7515: checking for flockfile
configure:7571: gcc -o conftest  -O4 -march=i686   conftest.c  >&5
configure:7577: $? = 0
configure:7594: result: yes
configure:7613: checking for gsort
configure:7643: result: no
configure:7613: checking for sort
configure:7629: found /usr/bin/sort
configure:7640: result: sort
configure:7652: checking if sort supports the -k switch
configure:7660: result: 1
configure:7795: creating ./config.status

## ---------------------- ##
## Running config.status. ##
## ---------------------- ##

This file was extended by config.status, which was
generated by GNU Autoconf 2.61.  Invocation command line was

  CONFIG_FILES    = 
  CONFIG_HEADERS  = 
  CONFIG_LINKS    = 
  CONFIG_COMMANDS = 
  $ ./config.status 

on laptop

config.status:622: creating makefile
config.status:622: creating nauty.h
config.status:622: creating naututil.h
config.status:622: creating gtools.h

## ---------------- ##
## Cache variables. ##
## ---------------- ##

ac_cv_build=i686-pc-linux-gnu
ac_cv_c_compiler_gnu=yes
ac_cv_c_const=yes
ac_cv_env_CC_set=
ac_cv_env_CC_value=
ac_cv_env_CFLAGS_set=
ac_cv_env_CFLAGS_value=
ac_cv_env_CPPFLAGS_set=
ac_cv_env_CPPFLAGS_value=
ac_cv_env_CPP_set=
ac_cv_env_CPP_value=
ac_cv_env_LDFLAGS_set=
ac_cv_env_LDFLAGS_value=
ac_cv_env_LIBS_set=
ac_cv_env_LIBS_value=
ac_cv_env_build_alias_set=
ac_cv_env_build_alias_value=
ac_cv_env_host_alias_set=
ac_cv_env_host_alias_value=
ac_cv_env_target_alias_set=
ac_cv_env_target_alias_value=
ac_cv_func_flockfile=yes
ac_cv_func_getc_unlocked=yes
ac_cv_func_getrusage=yes
ac_cv_func_gettimeofday=yes
ac_cv_func_isatty=yes
ac_cv_func_perror=yes
ac_cv_func_pipe=yes
ac_cv_func_popen=yes
ac_cv_func_putenv=yes
ac_cv_func_setenv=yes
ac_cv_func_time=yes
ac_cv_func_times=yes
ac_cv_func_wait=yes
ac_cv_header_errno_h=yes
ac_cv_header_inttypes_h=yes
ac_cv_header_memory_h=yes
ac_cv_header_stdc=yes
ac_cv_header_stddef_h=yes
ac_cv_header_stdint_h=yes
ac_cv_header_stdlib_h=yes
ac_cv_header_string_h=yes
ac_cv_header_strings_h=yes
ac_cv_header_sys_stat_h=yes
ac_cv_header_sys_types_h=yes
ac_cv_header_sys_wait_h=yes
ac_cv_header_unistd_h=yes
ac_cv_host=i686-pc-linux-gnu
ac_cv_objext=o
ac_cv_path_EGREP='/bin/grep -E'
ac_cv_path_GREP=/bin/grep
ac_cv_prog_CPP='gcc -E'
ac_cv_prog_ac_ct_CC=gcc
ac_cv_prog_cc_c89=
ac_cv_prog_cc_g=yes
ac_cv_prog_sort_prog=sort
ac_cv_sizeof_int=4
ac_cv_sizeof_long=4
ac_cv_sizeof_long_long=8
ac_cv_try_cflags_ok=yes
ac_cv_type_int=yes
ac_cv_type_long=yes
ac_cv_type_long_long=yes
ac_cv_type_pid_t=yes

## ----------------- ##
## Output variables. ##
## ----------------- ##

CC='gcc'
CFLAGS=' -O4 -march=i686'
CPP='gcc -E'
CPPFLAGS=''
DEFS='-DPACKAGE_NAME=\"\" -DPACKAGE_TARNAME=\"\" -DPACKAGE_VERSION=\"\" -DPACKAGE_STRING=\"\" -DPACKAGE_BUGREPORT=\"\" -DHAVE_SYS_WAIT_H=1 -DSTDC_HEADERS=1 -DHAVE_SYS_TYPES_H=1 -DHAVE_SYS_STAT_H=1 -DHAVE_STDLIB_H=1 -DHAVE_STRING_H=1 -DHAVE_MEMORY_H=1 -DHAVE_STRINGS_H=1 -DHAVE_INTTYPES_H=1 -DHAVE_STDINT_H=1 -DHAVE_UNISTD_H=1 -DHAVE_STDDEF_H=1 -DHAVE_UNISTD_H=1 -DHAVE_SYS_TYPES_H=1 -DHAVE_SYS_WAIT_H=1 -DHAVE_STDLIB_H=1 -DHAVE_STRING_H=1 -DHAVE_ERRNO_H=1 -DSIZEOF_INT=4 -DSIZEOF_LONG=4 -DSIZEOF_LONG_LONG=8'
ECHO_C=''
ECHO_N='-n'
ECHO_T=''
EGREP='/bin/grep -E'
EXEEXT=''
GREP='/bin/grep'
LDFLAGS=''
LIBOBJS=''
LIBS=''
LTLIBOBJS=''
MORECFLAGS=''
OBJEXT='o'
PACKAGE_BUGREPORT=''
PACKAGE_NAME=''
PACKAGE_STRING=''
PACKAGE_TARNAME=''
PACKAGE_VERSION=''
PATH_SEPARATOR=':'
SHELL='/bin/bash'
ac_ct_CC='gcc'
ac_cv_sizeof_int='4'
ac_cv_sizeof_long='4'
ac_cv_sizeof_long_long='8'
bindir='${exec_prefix}/bin'
build='i686-pc-linux-gnu'
build_alias=''
build_cpu='i686'
build_os='linux-gnu'
build_vendor='pc'
datadir='${datarootdir}'
datarootdir='${prefix}/share'
docdir='${datarootdir}/doc/${PACKAGE}'
dvidir='${docdir}'
exec_prefix='${prefix}'
fdopen_dec='1'
ftell_dec='1'
has_math_inf='1'
have_const='1'
have_getrusage='1'
have_gettimeofday='1'
have_isatty='1'
have_perror='1'
have_pid_t='1'
have_pipe='1'
have_popen='1'
have_putenv='1'
have_setenv='1'
have_time='1'
have_times='1'
have_wait='1'
header_errno_h='1'
header_signal_h='0'
header_stddef_h='1'
header_stdlib_h='1'
header_string_h='1'
header_sys_types_h='1'
header_sys_wait_h='1'
header_unistd_h='1'
host='i686-pc-linux-gnu'
host_alias=''
host_cpu='i686'
host_os='linux-gnu'
host_vendor='pc'
htmldir='${docdir}'
includedir='${prefix}/include'
infodir='${datarootdir}/info'
libdir='${exec_prefix}/lib'
libexecdir='${exec_prefix}/libexec'
localedir='${datarootdir}/locale'
localstatedir='${prefix}/var'
lok='1'
malloc_dec='1'
mandir='${datarootdir}/man'
oldincludedir='/usr/include'
pdfdir='${docdir}'
popen_dec='1'
prefix='/usr/local'
program_transform_name='s,x,x,'
psdir='${docdir}'
putenv_dec='1'
sbindir='${exec_prefix}/sbin'
setenv_dec='1'
sharedstatedir='${prefix}/com'
sort_newparams_ok='1'
sort_prog='sort'
stdio_nolock='1'
sysconfdir='${prefix}/etc'
target_alias=''
testprogs='dreadtest dreadtestS dreadtestS1 dreadtest4K dreadtest1 dreadtestW1 dreadtestL1 dreadtestL'

## ----------- ##
## confdefs.h. ##
## ----------- ##

#define PACKAGE_NAME ""
#define PACKAGE_TARNAME ""
#define PACKAGE_VERSION ""
#define PACKAGE_STRING ""
#define PACKAGE_BUGREPORT ""
#define HAVE_SYS_WAIT_H 1
#define STDC_HEADERS 1
#define HAVE_SYS_TYPES_H 1
#define HAVE_SYS_STAT_H 1
#define HAVE_STDLIB_H 1
#define HAVE_STRING_H 1
#define HAVE_MEMORY_H 1
#define HAVE_STRINGS_H 1
#define HAVE_INTTYPES_H 1
#define HAVE_STDINT_H 1
#define HAVE_UNISTD_H 1
#define HAVE_STDDEF_H 1
#define HAVE_UNISTD_H 1
#define HAVE_SYS_TYPES_H 1
#define HAVE_SYS_WAIT_H 1
#define HAVE_STDLIB_H 1
#define HAVE_STRING_H 1
#define HAVE_ERRNO_H 1
#define SIZEOF_INT 4
#define SIZEOF_LONG 4
#define SIZEOF_LONG_LONG 8

configure: exit 0
